2024-08-19 13:55:58 Loading main app package /usr/lib/obsidian/obsidian.asar
2024-08-19 13:55:58 Checking for update using Github
2024-08-19 13:55:59 Failed to check for update using Github (net::ERR_INTERNET_DISCONNECTED)
2024-08-19 13:55:59 Checking for update using obsidian.md
2024-08-19 13:55:59 Failed to check for update using obsidian.md (net::ERR_INTERNET_DISCONNECTED)
2024-08-19 14:15:03 Loading main app package /usr/lib/obsidian/obsidian.asar
2024-08-19 14:15:03 Checking for update using Github
2024-08-19 14:15:03 Failed to check for update using Github (net::ERR_INTERNET_DISCONNECTED)
2024-08-19 14:15:03 Checking for update using obsidian.md
2024-08-19 14:15:03 Failed to check for update using obsidian.md (net::ERR_INTERNET_DISCONNECTED)
2024-08-19 19:05:40 Loading main app package /usr/lib/obsidian/obsidian.asar
2024-08-19 19:05:41 Checking for update using Github
2024-08-19 19:05:41 Success.
2024-08-19 19:05:41 Latest version is 1.6.7
2024-08-19 19:05:41 App is up to date.
2024-08-19 20:18:05 Checking for update using Github
2024-08-19 20:18:05 Success.
2024-08-19 20:18:05 Latest version is 1.6.7
2024-08-19 20:18:05 App is up to date.
2024-08-19 21:30:00 Checking for update using Github
2024-08-19 21:30:00 Success.
2024-08-19 21:30:00 Latest version is 1.6.7
2024-08-19 21:30:00 App is up to date.
2024-08-19 22:30:00 Checking for update using Github
2024-08-19 22:30:00 Success.
2024-08-19 22:30:00 Latest version is 1.6.7
2024-08-19 22:30:00 App is up to date.
2024-08-20 16:24:21 Loading main app package /usr/lib/obsidian/obsidian.asar
2024-08-20 16:24:21 Checking for update using Github
2024-08-20 16:24:22 Success.
2024-08-20 16:24:22 Latest version is 1.6.7
2024-08-20 16:24:22 App is up to date.
2024-08-20 17:24:21 Checking for update using Github
2024-08-20 17:24:21 Success.
2024-08-20 17:24:21 Latest version is 1.6.7
2024-08-20 17:24:21 App is up to date.
2024-08-20 18:24:21 Checking for update using Github
2024-08-20 18:24:22 Success.
2024-08-20 18:24:22 Latest version is 1.6.7
2024-08-20 18:24:22 App is up to date.
2024-08-20 18:49:59 Loading main app package /usr/lib/obsidian/obsidian.asar
2024-08-20 18:49:59 Checking for update using Github
2024-08-20 18:50:19 Loading main app package /usr/lib/obsidian/obsidian.asar
2024-08-20 18:50:19 Checking for update using Github
2024-08-20 18:51:00 Loading main app package /usr/lib/obsidian/obsidian.asar
2024-08-20 18:51:00 Checking for update using Github
2024-08-20 18:51:05 Loading main app package /usr/lib/obsidian/obsidian.asar
2024-08-20 18:51:05 Checking for update using Github
2024-08-20 18:55:33 Loading main app package /usr/lib/obsidian/obsidian.asar
2024-08-20 18:55:33 Checking for update using Github
2024-08-20 18:55:34 Success.
2024-08-20 18:55:34 Latest version is 1.6.7
2024-08-20 18:55:34 App is up to date.
2024-08-20 20:03:45 Checking for update using Github
2024-08-20 20:03:45 Success.
2024-08-20 20:03:45 Latest version is 1.6.7
2024-08-20 20:03:45 App is up to date.
2024-08-20 22:30:58 Loading main app package /usr/lib/obsidian/obsidian.asar
2024-08-20 22:30:58 Checking for update using Github
2024-08-20 22:31:05 Loading main app package /usr/lib/obsidian/obsidian.asar
2024-08-20 22:31:05 Checking for update using Github
2024-08-21 16:26:38 Loading main app package /usr/lib/obsidian/obsidian.asar
2024-08-21 16:26:39 Checking for update using Github
2024-08-21 16:26:39 Success.
2024-08-21 16:26:39 Latest version is 1.6.7
2024-08-21 16:26:39 App is up to date.
2024-08-21 17:26:38 Checking for update using Github
2024-08-21 17:26:39 Success.
2024-08-21 17:26:39 Latest version is 1.6.7
2024-08-21 17:26:39 App is up to date.
2024-08-21 18:26:38 Checking for update using Github
2024-08-21 18:26:39 Success.
2024-08-21 18:26:39 Latest version is 1.6.7
2024-08-21 18:26:39 App is up to date.
2024-08-21 18:52:49 Loading main app package /usr/lib/obsidian/obsidian.asar
2024-08-21 18:52:49 Checking for update using Github
2024-08-21 18:52:49 Success.
2024-08-21 18:52:49 Latest version is 1.6.7
2024-08-21 18:52:49 App is up to date.
2024-08-21 20:03:18 Checking for update using Github
2024-08-21 20:03:18 Success.
2024-08-21 20:03:18 Latest version is 1.6.7
2024-08-21 20:03:18 App is up to date.
2024-08-22 00:46:18 Loading main app package /usr/lib/obsidian/obsidian.asar
2024-08-22 00:46:18 Checking for update using Github
2024-08-22 00:46:19 Success.
2024-08-22 00:46:19 Latest version is 1.6.7
2024-08-22 00:46:19 App is up to date.
2024-08-22 01:49:33 Checking for update using Github
2024-08-22 01:49:34 Success.
2024-08-22 01:49:34 Latest version is 1.6.7
2024-08-22 01:49:34 App is up to date.
2024-08-22 02:49:33 Checking for update using Github
2024-08-22 02:49:34 Success.
2024-08-22 02:49:34 Latest version is 1.6.7
2024-08-22 02:49:34 App is up to date.
2024-08-22 03:49:34 Checking for update using Github
2024-08-22 03:49:34 Success.
2024-08-22 03:49:34 Latest version is 1.6.7
2024-08-22 03:49:34 App is up to date.
2024-08-22 04:49:34 Checking for update using Github
2024-08-22 04:49:34 Success.
2024-08-22 04:49:34 Latest version is 1.6.7
2024-08-22 04:49:34 App is up to date.
2024-08-22 05:49:34 Checking for update using Github
2024-08-22 05:49:34 Success.
2024-08-22 05:49:34 Latest version is 1.6.7
2024-08-22 05:49:34 App is up to date.
2024-08-22 06:49:34 Checking for update using Github
2024-08-22 06:49:34 Success.
2024-08-22 06:49:34 Latest version is 1.6.7
2024-08-22 06:49:34 App is up to date.
2024-08-22 07:49:34 Checking for update using Github
2024-08-22 07:49:34 Success.
2024-08-22 07:49:34 Latest version is 1.6.7
2024-08-22 07:49:34 App is up to date.
2024-08-22 08:49:34 Checking for update using Github
2024-08-22 08:49:34 Success.
2024-08-22 08:49:34 Latest version is 1.6.7
2024-08-22 08:49:34 App is up to date.
2024-08-22 09:49:34 Checking for update using Github
2024-08-22 09:49:34 Success.
2024-08-22 09:49:34 Latest version is 1.6.7
2024-08-22 09:49:34 App is up to date.
2024-08-22 10:49:34 Checking for update using Github
2024-08-22 10:49:34 Success.
2024-08-22 10:49:34 Latest version is 1.6.7
2024-08-22 10:49:34 App is up to date.
2024-08-22 11:49:34 Checking for update using Github
2024-08-22 11:49:34 Success.
2024-08-22 11:49:34 Latest version is 1.6.7
2024-08-22 11:49:34 App is up to date.
2024-08-22 12:49:34 Checking for update using Github
2024-08-22 12:49:34 Success.
2024-08-22 12:49:34 Latest version is 1.6.7
2024-08-22 12:49:34 App is up to date.
2024-08-22 13:49:34 Checking for update using Github
2024-08-22 13:49:34 Success.
2024-08-22 13:49:34 Latest version is 1.6.7
2024-08-22 13:49:34 App is up to date.
2024-08-22 14:49:34 Checking for update using Github
2024-08-22 14:49:34 Success.
2024-08-22 14:49:34 Latest version is 1.6.7
2024-08-22 14:49:34 App is up to date.
2024-08-22 15:20:00 Loading main app package /usr/lib/obsidian/obsidian.asar
2024-08-22 15:20:01 Checking for update using Github
2024-08-22 15:20:58 Loading main app package /usr/lib/obsidian/obsidian.asar
2024-08-22 15:20:58 Checking for update using Github
2024-08-22 15:22:09 Loading main app package /usr/lib/obsidian/obsidian.asar
2024-08-22 15:22:09 Checking for update using Github
2024-08-22 15:22:10 Success.
2024-08-22 15:22:10 Latest version is 1.6.7
2024-08-22 15:22:10 App is up to date.
2024-08-22 16:29:46 Checking for update using Github
2024-08-22 16:29:46 Success.
2024-08-22 16:29:46 Latest version is 1.6.7
2024-08-22 16:29:46 App is up to date.
2024-08-22 17:44:20 Checking for update using Github
2024-08-22 17:44:21 Success.
2024-08-22 17:44:21 Latest version is 1.6.7
2024-08-22 17:44:21 App is up to date.
2024-08-22 18:57:56 Checking for update using Github
2024-08-22 18:57:56 Success.
2024-08-22 18:57:56 Latest version is 1.6.7
2024-08-22 18:57:56 App is up to date.
2024-08-22 20:06:42 Checking for update using Github
2024-08-22 20:06:42 Success.
2024-08-22 20:06:42 Latest version is 1.6.7
2024-08-22 20:06:42 App is up to date.
2024-08-22 21:10:00 Checking for update using Github
2024-08-22 21:10:00 Success.
2024-08-22 21:10:00 Latest version is 1.6.7
2024-08-22 21:10:00 App is up to date.
2024-08-22 22:51:02 Checking for update using Github
2024-08-22 22:51:02 Success.
2024-08-22 22:51:02 Latest version is 1.6.7
2024-08-22 22:51:02 App is up to date.
2024-08-22 23:51:02 Checking for update using Github
2024-08-22 23:51:02 Success.
2024-08-22 23:51:02 Latest version is 1.6.7
2024-08-22 23:51:02 App is up to date.
2024-08-23 00:51:02 Checking for update using Github
2024-08-23 00:51:02 Success.
2024-08-23 00:51:02 Latest version is 1.6.7
2024-08-23 00:51:02 App is up to date.
2024-08-23 01:51:02 Checking for update using Github
2024-08-23 01:51:02 Success.
2024-08-23 01:51:02 Latest version is 1.6.7
2024-08-23 01:51:02 App is up to date.
2024-08-23 02:51:02 Checking for update using Github
2024-08-23 02:51:02 Success.
2024-08-23 02:51:02 Latest version is 1.6.7
2024-08-23 02:51:02 App is up to date.
2024-08-23 03:51:02 Checking for update using Github
2024-08-23 03:51:02 Success.
2024-08-23 03:51:02 Latest version is 1.6.7
2024-08-23 03:51:02 App is up to date.
2024-08-23 04:51:02 Checking for update using Github
2024-08-23 04:51:03 Success.
2024-08-23 04:51:03 Latest version is 1.6.7
2024-08-23 04:51:03 App is up to date.
2024-08-23 05:51:03 Checking for update using Github
2024-08-23 05:51:03 Success.
2024-08-23 05:51:03 Latest version is 1.6.7
2024-08-23 05:51:03 App is up to date.
2024-08-23 06:51:03 Checking for update using Github
2024-08-23 06:51:03 Success.
2024-08-23 06:51:03 Latest version is 1.6.7
2024-08-23 06:51:03 App is up to date.
2024-08-23 07:51:03 Checking for update using Github
2024-08-23 07:51:03 Success.
2024-08-23 07:51:03 Latest version is 1.6.7
2024-08-23 07:51:03 App is up to date.
2024-08-23 08:51:03 Checking for update using Github
2024-08-23 08:51:03 Success.
2024-08-23 08:51:03 Latest version is 1.6.7
2024-08-23 08:51:03 App is up to date.
2024-08-23 09:51:03 Checking for update using Github
2024-08-23 09:51:03 Success.
2024-08-23 09:51:03 Latest version is 1.6.7
2024-08-23 09:51:03 App is up to date.
2024-08-23 10:51:03 Checking for update using Github
2024-08-23 10:51:03 Success.
2024-08-23 10:51:03 Latest version is 1.6.7
2024-08-23 10:51:03 App is up to date.
2024-08-23 11:51:03 Checking for update using Github
2024-08-23 11:51:03 Success.
2024-08-23 11:51:03 Latest version is 1.6.7
2024-08-23 11:51:03 App is up to date.
2024-08-23 12:51:03 Checking for update using Github
2024-08-23 12:51:03 Success.
2024-08-23 12:51:03 Latest version is 1.6.7
2024-08-23 12:51:03 App is up to date.
2024-08-23 14:20:34 Checking for update using Github
2024-08-23 14:20:34 Success.
2024-08-23 14:20:34 Latest version is 1.6.7
2024-08-23 14:20:34 App is up to date.
2024-08-23 16:22:22 Checking for update using Github
2024-08-23 16:22:22 Success.
2024-08-23 16:22:22 Latest version is 1.6.7
2024-08-23 16:22:22 App is up to date.
2024-08-23 20:04:48 Checking for update using Github
2024-08-23 20:04:48 Success.
2024-08-23 20:04:48 Latest version is 1.6.7
2024-08-23 20:04:48 App is up to date.
2024-08-23 21:17:17 Checking for update using Github
2024-08-23 21:17:17 Success.
2024-08-23 21:17:17 Latest version is 1.6.7
2024-08-23 21:17:17 App is up to date.
2024-08-23 22:17:17 Checking for update using Github
2024-08-23 22:17:18 Success.
2024-08-23 22:17:18 Latest version is 1.6.7
2024-08-23 22:17:18 App is up to date.
2024-08-23 23:17:18 Checking for update using Github
2024-08-23 23:17:18 Success.
2024-08-23 23:17:18 Latest version is 1.6.7
2024-08-23 23:17:18 App is up to date.
2024-08-24 00:17:18 Checking for update using Github
2024-08-24 00:17:18 Success.
2024-08-24 00:17:18 Latest version is 1.6.7
2024-08-24 00:17:18 App is up to date.
2024-08-24 01:17:18 Checking for update using Github
2024-08-24 01:17:18 Success.
2024-08-24 01:17:18 Latest version is 1.6.7
2024-08-24 01:17:18 App is up to date.
2024-08-24 02:17:18 Checking for update using Github
2024-08-24 02:17:18 Success.
2024-08-24 02:17:18 Latest version is 1.6.7
2024-08-24 02:17:18 App is up to date.
2024-08-24 03:17:18 Checking for update using Github
2024-08-24 03:17:18 Success.
2024-08-24 03:17:18 Latest version is 1.6.7
2024-08-24 03:17:18 App is up to date.
2024-08-24 04:17:18 Checking for update using Github
2024-08-24 04:17:18 Success.
2024-08-24 04:17:18 Latest version is 1.6.7
2024-08-24 04:17:18 App is up to date.
2024-08-24 05:17:18 Checking for update using Github
2024-08-24 05:17:18 Success.
2024-08-24 05:17:18 Latest version is 1.6.7
2024-08-24 05:17:18 App is up to date.
2024-08-24 06:17:18 Checking for update using Github
2024-08-24 06:17:18 Success.
2024-08-24 06:17:18 Latest version is 1.6.7
2024-08-24 06:17:18 App is up to date.
2024-08-24 07:17:18 Checking for update using Github
2024-08-24 07:17:18 Success.
2024-08-24 07:17:18 Latest version is 1.6.7
2024-08-24 07:17:18 App is up to date.
2024-08-24 08:17:18 Checking for update using Github
2024-08-24 08:17:18 Success.
2024-08-24 08:17:18 Latest version is 1.6.7
2024-08-24 08:17:18 App is up to date.
2024-08-24 09:17:18 Checking for update using Github
2024-08-24 09:17:18 Success.
2024-08-24 09:17:18 Latest version is 1.6.7
2024-08-24 09:17:18 App is up to date.
2024-08-24 10:17:18 Checking for update using Github
2024-08-24 10:17:18 Success.
2024-08-24 10:17:18 Latest version is 1.6.7
2024-08-24 10:17:18 App is up to date.
2024-08-24 11:17:18 Checking for update using Github
2024-08-24 11:17:19 Success.
2024-08-24 11:17:19 Latest version is 1.6.7
2024-08-24 11:17:19 App is up to date.
2024-08-24 12:17:18 Checking for update using Github
2024-08-24 12:17:18 Success.
2024-08-24 12:17:18 Latest version is 1.6.7
2024-08-24 12:17:18 App is up to date.
2024-08-24 13:17:18 Checking for update using Github
2024-08-24 13:17:19 Success.
2024-08-24 13:17:19 Latest version is 1.6.7
2024-08-24 13:17:19 App is up to date.
2024-08-24 14:17:19 Checking for update using Github
2024-08-24 14:17:19 Success.
2024-08-24 14:17:19 Latest version is 1.6.7
2024-08-24 14:17:19 App is up to date.
2024-08-24 15:17:19 Checking for update using Github
2024-08-24 15:17:19 Success.
2024-08-24 15:17:19 Latest version is 1.6.7
2024-08-24 15:17:19 App is up to date.
2024-08-24 16:17:19 Checking for update using Github
2024-08-24 16:17:19 Success.
2024-08-24 16:17:19 Latest version is 1.6.7
2024-08-24 16:17:19 App is up to date.
2024-08-24 17:17:19 Checking for update using Github
2024-08-24 17:17:19 Success.
2024-08-24 17:17:19 Latest version is 1.6.7
2024-08-24 17:17:19 App is up to date.
2024-08-24 18:17:19 Checking for update using Github
2024-08-24 18:17:19 Success.
2024-08-24 18:17:19 Latest version is 1.6.7
2024-08-24 18:17:19 App is up to date.
2024-08-24 19:17:19 Checking for update using Github
2024-08-24 19:17:19 Success.
2024-08-24 19:17:19 Latest version is 1.6.7
2024-08-24 19:17:19 App is up to date.
2024-08-24 20:17:19 Checking for update using Github
2024-08-24 20:17:19 Success.
2024-08-24 20:17:19 Latest version is 1.6.7
2024-08-24 20:17:19 App is up to date.
2024-08-24 21:17:19 Checking for update using Github
2024-08-24 21:17:19 Success.
2024-08-24 21:17:19 Latest version is 1.6.7
2024-08-24 21:17:19 App is up to date.
2024-08-24 22:17:19 Checking for update using Github
2024-08-24 22:17:19 Success.
2024-08-24 22:17:19 Latest version is 1.6.7
2024-08-24 22:17:19 App is up to date.
2024-08-24 23:17:19 Checking for update using Github
2024-08-24 23:17:19 Success.
2024-08-24 23:17:19 Latest version is 1.6.7
2024-08-24 23:17:19 App is up to date.
2024-08-25 00:17:20 Checking for update using Github
2024-08-25 00:17:20 Success.
2024-08-25 00:17:20 Latest version is 1.6.7
2024-08-25 00:17:20 App is up to date.
2024-08-25 01:17:20 Checking for update using Github
2024-08-25 01:17:20 Success.
2024-08-25 01:17:20 Latest version is 1.6.7
2024-08-25 01:17:20 App is up to date.
2024-08-25 02:17:20 Checking for update using Github
2024-08-25 02:17:20 Success.
2024-08-25 02:17:20 Latest version is 1.6.7
2024-08-25 02:17:20 App is up to date.
2024-08-25 03:17:20 Checking for update using Github
2024-08-25 03:17:20 Success.
2024-08-25 03:17:20 Latest version is 1.6.7
2024-08-25 03:17:20 App is up to date.
2024-08-25 04:17:20 Checking for update using Github
2024-08-25 04:17:20 Success.
2024-08-25 04:17:20 Latest version is 1.6.7
2024-08-25 04:17:20 App is up to date.
2024-08-25 05:17:20 Checking for update using Github
2024-08-25 05:17:20 Success.
2024-08-25 05:17:20 Latest version is 1.6.7
2024-08-25 05:17:20 App is up to date.
2024-08-25 06:17:20 Checking for update using Github
2024-08-25 06:17:20 Success.
2024-08-25 06:17:20 Latest version is 1.6.7
2024-08-25 06:17:20 App is up to date.
2024-08-25 07:17:20 Checking for update using Github
2024-08-25 07:17:20 Success.
2024-08-25 07:17:20 Latest version is 1.6.7
2024-08-25 07:17:20 App is up to date.
2024-08-25 08:17:20 Checking for update using Github
2024-08-25 08:17:20 Success.
2024-08-25 08:17:20 Latest version is 1.6.7
2024-08-25 08:17:20 App is up to date.
2024-08-25 09:17:20 Checking for update using Github
2024-08-25 09:17:20 Success.
2024-08-25 09:17:20 Latest version is 1.6.7
2024-08-25 09:17:20 App is up to date.
2024-08-25 10:17:20 Checking for update using Github
2024-08-25 10:17:20 Success.
2024-08-25 10:17:20 Latest version is 1.6.7
2024-08-25 10:17:20 App is up to date.
2024-08-25 11:17:20 Checking for update using Github
2024-08-25 11:17:20 Success.
2024-08-25 11:17:20 Latest version is 1.6.7
2024-08-25 11:17:20 App is up to date.
2024-08-25 12:17:20 Checking for update using Github
2024-08-25 12:17:21 Success.
2024-08-25 12:17:21 Latest version is 1.6.7
2024-08-25 12:17:21 App is up to date.
2024-08-25 13:17:20 Checking for update using Github
2024-08-25 13:17:21 Success.
2024-08-25 13:17:21 Latest version is 1.6.7
2024-08-25 13:17:21 App is up to date.
2024-08-25 14:17:21 Checking for update using Github
2024-08-25 14:17:21 Success.
2024-08-25 14:17:21 Latest version is 1.6.7
2024-08-25 14:17:21 App is up to date.
2024-08-25 15:17:21 Checking for update using Github
2024-08-25 15:17:21 Success.
2024-08-25 15:17:21 Latest version is 1.6.7
2024-08-25 15:17:21 App is up to date.
2024-08-25 16:17:21 Checking for update using Github
2024-08-25 16:17:21 Success.
2024-08-25 16:17:21 Latest version is 1.6.7
2024-08-25 16:17:21 App is up to date.
2024-08-25 17:17:21 Checking for update using Github
2024-08-25 17:17:21 Success.
2024-08-25 17:17:21 Latest version is 1.6.7
2024-08-25 17:17:21 App is up to date.
2024-08-25 19:09:24 Checking for update using Github
2024-08-25 19:09:24 Failed to check for update using Github (net::ERR_INTERNET_DISCONNECTED)
2024-08-25 19:09:24 Checking for update using obsidian.md
2024-08-25 19:09:24 Failed to check for update using obsidian.md (net::ERR_INTERNET_DISCONNECTED)
2024-08-25 20:52:10 Checking for update using Github
2024-08-25 20:52:11 Success.
2024-08-25 20:52:11 Latest version is 1.6.7
2024-08-25 20:52:11 App is up to date.
2024-08-25 21:52:11 Checking for update using Github
2024-08-25 21:52:11 Success.
2024-08-25 21:52:11 Latest version is 1.6.7
2024-08-25 21:52:11 App is up to date.
2024-08-25 22:52:11 Checking for update using Github
2024-08-25 22:52:11 Success.
2024-08-25 22:52:11 Latest version is 1.6.7
2024-08-25 22:52:11 App is up to date.
2024-08-25 23:52:11 Checking for update using Github
2024-08-25 23:52:11 Success.
2024-08-25 23:52:11 Latest version is 1.6.7
2024-08-25 23:52:11 App is up to date.
2024-08-26 00:52:11 Checking for update using Github
2024-08-26 00:52:11 Success.
2024-08-26 00:52:11 Latest version is 1.6.7
2024-08-26 00:52:11 App is up to date.
2024-08-26 01:52:11 Checking for update using Github
2024-08-26 01:52:11 Success.
2024-08-26 01:52:11 Latest version is 1.6.7
2024-08-26 01:52:11 App is up to date.
2024-08-26 02:52:11 Checking for update using Github
2024-08-26 02:52:11 Success.
2024-08-26 02:52:11 Latest version is 1.6.7
2024-08-26 02:52:11 App is up to date.
2024-08-26 03:52:11 Checking for update using Github
2024-08-26 03:52:11 Success.
2024-08-26 03:52:11 Latest version is 1.6.7
2024-08-26 03:52:11 App is up to date.
2024-08-26 04:52:11 Checking for update using Github
2024-08-26 04:52:11 Success.
2024-08-26 04:52:11 Latest version is 1.6.7
2024-08-26 04:52:11 App is up to date.
2024-08-26 05:52:11 Checking for update using Github
2024-08-26 05:52:11 Success.
2024-08-26 05:52:11 Latest version is 1.6.7
2024-08-26 05:52:11 App is up to date.
2024-08-26 06:52:11 Checking for update using Github
2024-08-26 06:52:11 Success.
2024-08-26 06:52:11 Latest version is 1.6.7
2024-08-26 06:52:11 App is up to date.
2024-08-26 07:52:11 Checking for update using Github
2024-08-26 07:52:11 Success.
2024-08-26 07:52:11 Latest version is 1.6.7
2024-08-26 07:52:11 App is up to date.
2024-08-26 08:52:11 Checking for update using Github
2024-08-26 08:52:11 Success.
2024-08-26 08:52:11 Latest version is 1.6.7
2024-08-26 08:52:11 App is up to date.
2024-08-26 09:52:11 Checking for update using Github
2024-08-26 09:52:11 Success.
2024-08-26 09:52:11 Latest version is 1.6.7
2024-08-26 09:52:11 App is up to date.
2024-08-26 10:52:11 Checking for update using Github
2024-08-26 10:52:12 Success.
2024-08-26 10:52:12 Latest version is 1.6.7
2024-08-26 10:52:12 App is up to date.
2024-08-26 11:52:12 Checking for update using Github
2024-08-26 11:52:12 Success.
2024-08-26 11:52:12 Latest version is 1.6.7
2024-08-26 11:52:12 App is up to date.
2024-08-26 14:04:38 Checking for update using Github
2024-08-26 14:04:38 Success.
2024-08-26 14:04:38 Latest version is 1.6.7
2024-08-26 14:04:38 App is up to date.
2024-08-26 15:56:50 Checking for update using Github
2024-08-26 15:56:50 Success.
2024-08-26 15:56:50 Latest version is 1.6.7
2024-08-26 15:56:50 App is up to date.
2024-08-26 16:56:50 Checking for update using Github
2024-08-26 16:56:50 Success.
2024-08-26 16:56:50 Latest version is 1.6.7
2024-08-26 16:56:50 App is up to date.
2024-08-26 17:56:50 Checking for update using Github
2024-08-26 17:56:50 Success.
2024-08-26 17:56:50 Latest version is 1.6.7
2024-08-26 17:56:50 App is up to date.
2024-08-26 19:17:57 Checking for update using Github
2024-08-26 19:17:58 Success.
2024-08-26 19:17:58 Latest version is 1.6.7
2024-08-26 19:17:58 App is up to date.
2024-08-26 20:27:57 Checking for update using Github
2024-08-26 20:27:57 Success.
2024-08-26 20:27:57 Latest version is 1.6.7
2024-08-26 20:27:57 App is up to date.
2024-08-27 00:26:45 Checking for update using Github
2024-08-27 00:26:45 Success.
2024-08-27 00:26:45 Latest version is 1.6.7
2024-08-27 00:26:45 App is up to date.
2024-08-27 01:26:46 Checking for update using Github
2024-08-27 01:26:46 Success.
2024-08-27 01:26:46 Latest version is 1.6.7
2024-08-27 01:26:46 App is up to date.
2024-08-27 02:26:46 Checking for update using Github
2024-08-27 02:26:46 Success.
2024-08-27 02:26:46 Latest version is 1.6.7
2024-08-27 02:26:46 App is up to date.
2024-08-27 03:26:46 Checking for update using Github
2024-08-27 03:26:46 Success.
2024-08-27 03:26:46 Latest version is 1.6.7
2024-08-27 03:26:46 App is up to date.
2024-08-27 04:26:46 Checking for update using Github
2024-08-27 04:26:46 Success.
2024-08-27 04:26:46 Latest version is 1.6.7
2024-08-27 04:26:46 App is up to date.
2024-08-27 05:26:46 Checking for update using Github
2024-08-27 05:26:46 Success.
2024-08-27 05:26:46 Latest version is 1.6.7
2024-08-27 05:26:46 App is up to date.
2024-08-27 06:26:46 Checking for update using Github
2024-08-27 06:26:46 Success.
2024-08-27 06:26:46 Latest version is 1.6.7
2024-08-27 06:26:46 App is up to date.
2024-08-27 07:26:46 Checking for update using Github
2024-08-27 07:26:46 Success.
2024-08-27 07:26:46 Latest version is 1.6.7
2024-08-27 07:26:46 App is up to date.
2024-08-27 08:26:46 Checking for update using Github
2024-08-27 08:26:46 Success.
2024-08-27 08:26:46 Latest version is 1.6.7
2024-08-27 08:26:46 App is up to date.
2024-08-27 09:26:46 Checking for update using Github
2024-08-27 09:26:46 Success.
2024-08-27 09:26:46 Latest version is 1.6.7
2024-08-27 09:26:46 App is up to date.
2024-08-27 10:26:46 Checking for update using Github
2024-08-27 10:26:46 Success.
2024-08-27 10:26:46 Latest version is 1.6.7
2024-08-27 10:26:46 App is up to date.
2024-08-27 11:26:46 Checking for update using Github
2024-08-27 11:26:46 Success.
2024-08-27 11:26:46 Latest version is 1.6.7
2024-08-27 11:26:46 App is up to date.
2024-08-27 12:26:46 Checking for update using Github
2024-08-27 12:26:46 Success.
2024-08-27 12:26:46 Latest version is 1.6.7
2024-08-27 12:26:46 App is up to date.
2024-08-27 13:26:46 Checking for update using Github
2024-08-27 13:26:46 Success.
2024-08-27 13:26:46 Latest version is 1.6.7
2024-08-27 13:26:46 App is up to date.
2024-08-27 14:26:46 Checking for update using Github
2024-08-27 14:26:46 Success.
2024-08-27 14:26:46 Latest version is 1.6.7
2024-08-27 14:26:46 App is up to date.
2024-08-27 15:26:46 Checking for update using Github
2024-08-27 15:26:47 Success.
2024-08-27 15:26:47 Latest version is 1.6.7
2024-08-27 15:26:47 App is up to date.
2024-08-27 16:26:47 Checking for update using Github
2024-08-27 16:26:47 Success.
2024-08-27 16:26:47 Latest version is 1.6.7
2024-08-27 16:26:47 App is up to date.
2024-08-27 17:26:47 Checking for update using Github
2024-08-27 17:26:47 Success.
2024-08-27 17:26:47 Latest version is 1.6.7
2024-08-27 17:26:47 App is up to date.
2024-08-27 18:26:47 Checking for update using Github
2024-08-27 18:26:47 Success.
2024-08-27 18:26:47 Latest version is 1.6.7
2024-08-27 18:26:47 App is up to date.
2024-08-27 19:38:59 Checking for update using Github
2024-08-27 19:38:59 Success.
2024-08-27 19:38:59 Latest version is 1.6.7
2024-08-27 19:38:59 App is up to date.
2024-08-27 22:34:44 Checking for update using Github
2024-08-27 22:34:44 Success.
2024-08-27 22:34:44 Latest version is 1.6.7
2024-08-27 22:34:44 App is up to date.
2024-08-27 23:34:44 Checking for update using Github
2024-08-27 23:34:44 Success.
2024-08-27 23:34:44 Latest version is 1.6.7
2024-08-27 23:34:44 App is up to date.
2024-08-28 00:34:44 Checking for update using Github
2024-08-28 00:34:44 Success.
2024-08-28 00:34:44 Latest version is 1.6.7
2024-08-28 00:34:44 App is up to date.
2024-08-28 01:34:44 Checking for update using Github
2024-08-28 01:34:44 Success.
2024-08-28 01:34:44 Latest version is 1.6.7
2024-08-28 01:34:44 App is up to date.
2024-08-28 02:34:44 Checking for update using Github
2024-08-28 02:34:45 Success.
2024-08-28 02:34:45 Latest version is 1.6.7
2024-08-28 02:34:45 App is up to date.
2024-08-28 03:34:45 Checking for update using Github
2024-08-28 03:34:45 Success.
2024-08-28 03:34:45 Latest version is 1.6.7
2024-08-28 03:34:45 App is up to date.
2024-08-28 04:34:45 Checking for update using Github
2024-08-28 04:34:45 Success.
2024-08-28 04:34:45 Latest version is 1.6.7
2024-08-28 04:34:45 App is up to date.
2024-08-28 05:34:45 Checking for update using Github
2024-08-28 05:34:45 Success.
2024-08-28 05:34:45 Latest version is 1.6.7
2024-08-28 05:34:45 App is up to date.
2024-08-28 06:34:45 Checking for update using Github
2024-08-28 06:34:45 Success.
2024-08-28 06:34:45 Latest version is 1.6.7
2024-08-28 06:34:45 App is up to date.
2024-08-28 07:34:45 Checking for update using Github
2024-08-28 07:34:45 Success.
2024-08-28 07:34:45 Latest version is 1.6.7
2024-08-28 07:34:45 App is up to date.
2024-08-28 08:34:45 Checking for update using Github
2024-08-28 08:34:45 Success.
2024-08-28 08:34:45 Latest version is 1.6.7
2024-08-28 08:34:45 App is up to date.
2024-08-28 09:34:45 Checking for update using Github
2024-08-28 09:34:45 Success.
2024-08-28 09:34:45 Latest version is 1.6.7
2024-08-28 09:34:45 App is up to date.
2024-08-28 10:34:45 Checking for update using Github
2024-08-28 10:34:45 Success.
2024-08-28 10:34:45 Latest version is 1.6.7
2024-08-28 10:34:45 App is up to date.
2024-08-28 11:34:45 Checking for update using Github
2024-08-28 11:34:45 Success.
2024-08-28 11:34:45 Latest version is 1.6.7
2024-08-28 11:34:45 App is up to date.
2024-08-28 12:34:45 Checking for update using Github
2024-08-28 12:34:45 Success.
2024-08-28 12:34:45 Latest version is 1.6.7
2024-08-28 12:34:45 App is up to date.
2024-08-28 13:34:45 Checking for update using Github
2024-08-28 13:34:45 Success.
2024-08-28 13:34:45 Latest version is 1.6.7
2024-08-28 13:34:45 App is up to date.
2024-08-28 14:34:46 Checking for update using Github
2024-08-28 14:34:46 Success.
2024-08-28 14:34:46 Latest version is 1.6.7
2024-08-28 14:34:46 App is up to date.
2024-08-28 15:34:46 Checking for update using Github
2024-08-28 15:34:46 Success.
2024-08-28 15:34:46 Latest version is 1.6.7
2024-08-28 15:34:46 App is up to date.
2024-08-28 16:34:46 Checking for update using Github
2024-08-28 16:34:46 Success.
2024-08-28 16:34:46 Latest version is 1.6.7
2024-08-28 16:34:46 App is up to date.
2024-08-28 17:34:46 Checking for update using Github
2024-08-28 17:34:46 Success.
2024-08-28 17:34:46 Latest version is 1.6.7
2024-08-28 17:34:46 App is up to date.
2024-08-28 19:05:18 Checking for update using Github
2024-08-28 19:05:18 Success.
2024-08-28 19:05:18 Latest version is 1.6.7
2024-08-28 19:05:18 App is up to date.
2024-08-28 20:13:23 Checking for update using Github
2024-08-28 20:13:23 Success.
2024-08-28 20:13:23 Latest version is 1.6.7
2024-08-28 20:13:23 App is up to date.
2024-08-28 21:47:06 Checking for update using Github
2024-08-28 21:47:06 Success.
2024-08-28 21:47:06 Latest version is 1.6.7
2024-08-28 21:47:06 App is up to date.
2024-08-28 22:47:06 Checking for update using Github
2024-08-28 22:47:06 Success.
2024-08-28 22:47:06 Latest version is 1.6.7
2024-08-28 22:47:06 App is up to date.
2024-08-29 18:50:13 Loading main app package /usr/lib/obsidian/obsidian.asar
2024-08-29 18:50:13 Checking for update using Github
2024-08-29 18:50:14 Success.
2024-08-29 18:50:14 Latest version is 1.6.7
2024-08-29 18:50:14 App is up to date.
2024-08-29 20:29:29 Checking for update using Github
2024-08-29 20:29:29 Success.
2024-08-29 20:29:29 Latest version is 1.6.7
2024-08-29 20:29:29 App is up to date.
2024-08-30 00:00:34 Checking for update using Github
2024-08-30 00:00:34 Success.
2024-08-30 00:00:34 Latest version is 1.6.7
2024-08-30 00:00:34 App is up to date.
2024-08-30 01:00:34 Checking for update using Github
2024-08-30 01:00:34 Success.
2024-08-30 01:00:34 Latest version is 1.6.7
2024-08-30 01:00:34 App is up to date.
2024-08-30 02:00:34 Checking for update using Github
2024-08-30 02:00:34 Success.
2024-08-30 02:00:34 Latest version is 1.6.7
2024-08-30 02:00:34 App is up to date.
2024-08-30 03:00:34 Checking for update using Github
2024-08-30 03:00:35 Success.
2024-08-30 03:00:35 Latest version is 1.6.7
2024-08-30 03:00:35 App is up to date.
2024-08-30 04:00:35 Checking for update using Github
2024-08-30 04:00:35 Success.
2024-08-30 04:00:35 Latest version is 1.6.7
2024-08-30 04:00:35 App is up to date.
2024-08-30 05:00:35 Checking for update using Github
2024-08-30 05:00:35 Success.
2024-08-30 05:00:35 Latest version is 1.6.7
2024-08-30 05:00:35 App is up to date.
2024-08-30 06:00:35 Checking for update using Github
2024-08-30 06:00:35 Success.
2024-08-30 06:00:35 Latest version is 1.6.7
2024-08-30 06:00:35 App is up to date.
2024-08-30 07:00:35 Checking for update using Github
2024-08-30 07:00:35 Success.
2024-08-30 07:00:35 Latest version is 1.6.7
2024-08-30 07:00:35 App is up to date.
2024-08-30 08:00:35 Checking for update using Github
2024-08-30 08:00:35 Success.
2024-08-30 08:00:35 Latest version is 1.6.7
2024-08-30 08:00:35 App is up to date.
2024-08-30 09:00:35 Checking for update using Github
2024-08-30 09:00:35 Success.
2024-08-30 09:00:35 Latest version is 1.6.7
2024-08-30 09:00:35 App is up to date.
2024-08-30 10:00:35 Checking for update using Github
2024-08-30 10:00:35 Success.
2024-08-30 10:00:35 Latest version is 1.6.7
2024-08-30 10:00:35 App is up to date.
2024-08-30 11:00:35 Checking for update using Github
2024-08-30 11:00:35 Success.
2024-08-30 11:00:35 Latest version is 1.6.7
2024-08-30 11:00:35 App is up to date.
2024-08-30 12:00:35 Checking for update using Github
2024-08-30 12:00:35 Success.
2024-08-30 12:00:35 Latest version is 1.6.7
2024-08-30 12:00:35 App is up to date.
2024-08-30 13:00:35 Checking for update using Github
2024-08-30 13:00:35 Success.
2024-08-30 13:00:35 Latest version is 1.6.7
2024-08-30 13:00:35 App is up to date.
2024-08-30 14:55:40 Checking for update using Github
2024-08-30 14:55:40 Success.
2024-08-30 14:55:40 Latest version is 1.6.7
2024-08-30 14:55:40 App is up to date.
2024-08-30 16:10:20 Checking for update using Github
2024-08-30 16:10:20 Success.
2024-08-30 16:10:20 Latest version is 1.6.7
2024-08-30 16:10:20 App is up to date.
2024-08-30 18:06:25 Checking for update using Github
2024-08-30 18:06:25 Success.
2024-08-30 18:06:25 Latest version is 1.6.7
2024-08-30 18:06:25 App is up to date.
2024-08-30 19:32:18 Checking for update using Github
2024-08-30 19:32:18 Success.
2024-08-30 19:32:18 Latest version is 1.6.7
2024-08-30 19:32:18 App is up to date.
2024-08-30 20:38:15 Checking for update using Github
2024-08-30 20:38:15 Success.
2024-08-30 20:38:15 Latest version is 1.6.7
2024-08-30 20:38:15 App is up to date.
2024-09-23 23:35:27 Loading main app package /usr/lib/obsidian/obsidian.asar
2024-09-23 23:35:27 Checking for update using Github
2024-09-23 23:36:07 Loading main app package /usr/lib/obsidian/obsidian.asar
2024-09-23 23:36:07 Checking for update using Github
2024-09-23 23:36:29 Loading main app package /usr/lib/obsidian/obsidian.asar
2024-09-23 23:36:30 Checking for update using Github
2024-09-23 23:36:30 Success.
2024-09-23 23:36:30 Latest version is 1.6.7
2024-09-23 23:36:30 App is up to date.
2024-09-24 19:21:31 Loading main app package /usr/lib/obsidian/obsidian.asar
2024-09-24 19:21:32 Checking for update using Github
2024-09-24 19:21:32 Success.
2024-09-24 19:21:32 Latest version is 1.6.7
2024-09-24 19:21:32 App is up to date.
2024-09-24 20:32:47 Loading main app package /usr/lib/obsidian/obsidian.asar
2024-09-24 20:32:47 Checking for update using Github
2024-09-24 20:32:48 Success.
2024-09-24 20:32:48 Latest version is 1.6.7
2024-09-24 20:32:48 App is up to date.
2024-09-25 19:12:34 Loading main app package /usr/lib/obsidian/obsidian.asar
2024-09-25 19:12:34 Checking for update using Github
2024-09-25 19:12:34 Success.
2024-09-25 19:12:34 Latest version is 1.6.7
2024-09-25 19:12:34 App is up to date.
2024-09-25 20:00:34 Loading main app package /usr/lib/obsidian/obsidian.asar
2024-09-25 20:00:34 Checking for update using Github
2024-09-25 20:00:34 Success.
2024-09-25 20:00:34 Latest version is 1.6.7
2024-09-25 20:00:34 App is up to date.
2024-09-25 21:18:27 Checking for update using Github
2024-09-25 21:18:27 Success.
2024-09-25 21:18:27 Latest version is 1.6.7
2024-09-25 21:18:27 App is up to date.
2024-09-26 17:30:21 Loading main app package /usr/lib/obsidian/obsidian.asar
2024-09-26 17:30:22 Checking for update using Github
2024-09-26 17:30:22 Success.
2024-09-26 17:30:22 Latest version is 1.6.7
2024-09-26 17:30:22 App is up to date.
2024-09-26 18:30:21 Checking for update using Github
2024-09-26 18:30:22 Success.
2024-09-26 18:30:22 Latest version is 1.6.7
2024-09-26 18:30:22 App is up to date.
2024-09-26 21:31:35 Checking for update using Github
2024-09-26 21:31:35 Success.
2024-09-26 21:31:35 Latest version is 1.6.7
2024-09-26 21:31:35 App is up to date.
2024-09-26 23:51:52 Checking for update using Github
2024-09-26 23:51:53 Success.
2024-09-26 23:51:53 Latest version is 1.6.7
2024-09-26 23:51:53 App is up to date.
2024-09-27 00:51:52 Checking for update using Github
2024-09-27 00:51:53 Success.
2024-09-27 00:51:53 Latest version is 1.6.7
2024-09-27 00:51:53 App is up to date.
2024-09-27 01:51:53 Checking for update using Github
2024-09-27 01:51:53 Success.
2024-09-27 01:51:53 Latest version is 1.6.7
2024-09-27 01:51:53 App is up to date.
2024-09-27 02:51:53 Checking for update using Github
2024-09-27 02:51:53 Success.
2024-09-27 02:51:53 Latest version is 1.6.7
2024-09-27 02:51:53 App is up to date.
2024-09-27 03:51:53 Checking for update using Github
2024-09-27 03:51:53 Success.
2024-09-27 03:51:53 Latest version is 1.6.7
2024-09-27 03:51:53 App is up to date.
2024-09-27 04:51:53 Checking for update using Github
2024-09-27 04:51:53 Success.
2024-09-27 04:51:53 Latest version is 1.6.7
2024-09-27 04:51:53 App is up to date.
2024-09-27 05:51:53 Checking for update using Github
2024-09-27 05:51:53 Success.
2024-09-27 05:51:53 Latest version is 1.6.7
2024-09-27 05:51:53 App is up to date.
2024-09-27 06:51:53 Checking for update using Github
2024-09-27 06:51:53 Success.
2024-09-27 06:51:53 Latest version is 1.6.7
2024-09-27 06:51:53 App is up to date.
2024-09-27 07:51:53 Checking for update using Github
2024-09-27 07:51:53 Success.
2024-09-27 07:51:53 Latest version is 1.6.7
2024-09-27 07:51:53 App is up to date.
2024-09-27 08:51:53 Checking for update using Github
2024-09-27 08:51:53 Success.
2024-09-27 08:51:53 Latest version is 1.6.7
2024-09-27 08:51:53 App is up to date.
2024-09-27 09:51:53 Checking for update using Github
2024-09-27 09:51:53 Success.
2024-09-27 09:51:53 Latest version is 1.6.7
2024-09-27 09:51:53 App is up to date.
2024-09-27 10:51:53 Checking for update using Github
2024-09-27 10:51:54 Success.
2024-09-27 10:51:54 Latest version is 1.6.7
2024-09-27 10:51:54 App is up to date.
2024-09-27 11:51:54 Checking for update using Github
2024-09-27 11:51:54 Success.
2024-09-27 11:51:54 Latest version is 1.6.7
2024-09-27 11:51:54 App is up to date.
2024-09-27 12:51:54 Checking for update using Github
2024-09-27 12:51:54 Success.
2024-09-27 12:51:54 Latest version is 1.6.7
2024-09-27 12:51:54 App is up to date.
2024-09-27 16:33:45 Checking for update using Github
2024-09-27 16:33:45 Success.
2024-09-27 16:33:45 Latest version is 1.6.7
2024-09-27 16:33:45 App is up to date.
2024-09-27 17:33:45 Checking for update using Github
2024-09-27 17:33:45 Success.
2024-09-27 17:33:45 Latest version is 1.6.7
2024-09-27 17:33:45 App is up to date.
2024-09-27 18:33:45 Checking for update using Github
2024-09-27 18:33:45 Success.
2024-09-27 18:33:45 Latest version is 1.6.7
2024-09-27 18:33:45 App is up to date.
2024-09-27 19:33:45 Checking for update using Github
2024-09-27 19:33:45 Success.
2024-09-27 19:33:45 Latest version is 1.6.7
2024-09-27 19:33:45 App is up to date.
2024-09-27 20:42:03 Checking for update using Github
2024-09-27 20:42:03 Success.
2024-09-27 20:42:03 Latest version is 1.6.7
2024-09-27 20:42:03 App is up to date.
2024-09-27 22:29:08 Checking for update using Github
2024-09-27 22:29:08 Success.
2024-09-27 22:29:08 Latest version is 1.6.7
2024-09-27 22:29:08 App is up to date.
2024-09-27 23:29:08 Checking for update using Github
2024-09-27 23:29:18 Success.
2024-09-27 23:29:18 Latest version is 1.6.7
2024-09-27 23:29:18 App is up to date.
2024-09-28 00:29:08 Checking for update using Github
2024-09-28 00:29:08 Success.
2024-09-28 00:29:08 Latest version is 1.6.7
2024-09-28 00:29:08 App is up to date.
2024-09-28 01:29:08 Checking for update using Github
2024-09-28 01:29:09 Success.
2024-09-28 01:29:09 Latest version is 1.6.7
2024-09-28 01:29:09 App is up to date.
2024-09-28 02:29:09 Checking for update using Github
2024-09-28 02:29:09 Success.
2024-09-28 02:29:09 Latest version is 1.6.7
2024-09-28 02:29:09 App is up to date.
2024-09-28 03:29:09 Checking for update using Github
2024-09-28 03:29:09 Success.
2024-09-28 03:29:09 Latest version is 1.6.7
2024-09-28 03:29:09 App is up to date.
2024-09-28 04:29:09 Checking for update using Github
2024-09-28 04:29:09 Success.
2024-09-28 04:29:09 Latest version is 1.6.7
2024-09-28 04:29:09 App is up to date.
2024-09-28 05:29:09 Checking for update using Github
2024-09-28 05:29:09 Success.
2024-09-28 05:29:09 Latest version is 1.6.7
2024-09-28 05:29:09 App is up to date.
2024-09-28 06:29:09 Checking for update using Github
2024-09-28 06:29:09 Success.
2024-09-28 06:29:09 Latest version is 1.6.7
2024-09-28 06:29:09 App is up to date.
2024-09-28 07:29:09 Checking for update using Github
2024-09-28 07:29:09 Success.
2024-09-28 07:29:09 Latest version is 1.6.7
2024-09-28 07:29:09 App is up to date.
2024-09-28 08:29:09 Checking for update using Github
2024-09-28 08:29:09 Success.
2024-09-28 08:29:09 Latest version is 1.6.7
2024-09-28 08:29:09 App is up to date.
2024-09-28 09:29:09 Checking for update using Github
2024-09-28 09:29:09 Success.
2024-09-28 09:29:09 Latest version is 1.6.7
2024-09-28 09:29:09 App is up to date.
2024-09-28 10:29:09 Checking for update using Github
2024-09-28 10:29:09 Success.
2024-09-28 10:29:09 Latest version is 1.6.7
2024-09-28 10:29:09 App is up to date.
2024-09-28 11:29:09 Checking for update using Github
2024-09-28 11:29:09 Success.
2024-09-28 11:29:09 Latest version is 1.6.7
2024-09-28 11:29:09 App is up to date.
2024-09-28 12:29:10 Checking for update using Github
2024-09-28 12:29:10 Success.
2024-09-28 12:29:10 Latest version is 1.6.7
2024-09-28 12:29:10 App is up to date.
2024-09-28 13:29:10 Checking for update using Github
2024-09-28 13:29:10 Success.
2024-09-28 13:29:10 Latest version is 1.6.7
2024-09-28 13:29:10 App is up to date.
2024-09-28 14:29:10 Checking for update using Github
2024-09-28 14:29:10 Success.
2024-09-28 14:29:10 Latest version is 1.6.7
2024-09-28 14:29:10 App is up to date.
2024-09-28 15:29:10 Checking for update using Github
2024-09-28 15:29:10 Success.
2024-09-28 15:29:10 Latest version is 1.6.7
2024-09-28 15:29:10 App is up to date.
2024-09-28 16:29:10 Checking for update using Github
2024-09-28 16:29:10 Success.
2024-09-28 16:29:10 Latest version is 1.6.7
2024-09-28 16:29:10 App is up to date.
2024-09-28 17:29:10 Checking for update using Github
2024-09-28 17:29:10 Success.
2024-09-28 17:29:10 Latest version is 1.6.7
2024-09-28 17:29:10 App is up to date.
2024-09-28 18:29:10 Checking for update using Github
2024-09-28 18:29:10 Success.
2024-09-28 18:29:10 Latest version is 1.6.7
2024-09-28 18:29:10 App is up to date.
2024-09-28 19:29:10 Checking for update using Github
2024-09-28 19:29:10 Success.
2024-09-28 19:29:10 Latest version is 1.6.7
2024-09-28 19:29:10 App is up to date.
2024-09-28 20:29:10 Checking for update using Github
2024-09-28 20:29:10 Success.
2024-09-28 20:29:10 Latest version is 1.6.7
2024-09-28 20:29:10 App is up to date.
2024-09-28 21:29:10 Checking for update using Github
2024-09-28 21:29:10 Success.
2024-09-28 21:29:10 Latest version is 1.6.7
2024-09-28 21:29:10 App is up to date.
2024-09-28 22:29:11 Checking for update using Github
2024-09-28 22:29:11 Success.
2024-09-28 22:29:11 Latest version is 1.6.7
2024-09-28 22:29:11 App is up to date.
2024-09-28 23:29:11 Checking for update using Github
2024-09-28 23:29:11 Success.
2024-09-28 23:29:11 Latest version is 1.6.7
2024-09-28 23:29:11 App is up to date.
2024-09-29 00:29:11 Checking for update using Github
2024-09-29 00:29:11 Success.
2024-09-29 00:29:11 Latest version is 1.6.7
2024-09-29 00:29:11 App is up to date.
2024-09-29 01:29:11 Checking for update using Github
2024-09-29 01:29:11 Success.
2024-09-29 01:29:11 Latest version is 1.6.7
2024-09-29 01:29:11 App is up to date.
2024-09-29 02:29:11 Checking for update using Github
2024-09-29 02:29:11 Success.
2024-09-29 02:29:11 Latest version is 1.6.7
2024-09-29 02:29:11 App is up to date.
2024-09-29 03:29:11 Checking for update using Github
2024-09-29 03:29:24 Success.
2024-09-29 03:29:24 Latest version is 1.6.7
2024-09-29 03:29:24 App is up to date.
2024-09-29 04:29:11 Checking for update using Github
2024-09-29 04:29:11 Success.
2024-09-29 04:29:11 Latest version is 1.6.7
2024-09-29 04:29:11 App is up to date.
2024-09-29 05:29:11 Checking for update using Github
2024-09-29 05:29:11 Success.
2024-09-29 05:29:11 Latest version is 1.6.7
2024-09-29 05:29:11 App is up to date.
2024-09-29 06:29:11 Checking for update using Github
2024-09-29 06:29:11 Success.
2024-09-29 06:29:11 Latest version is 1.6.7
2024-09-29 06:29:11 App is up to date.
2024-09-29 07:29:11 Checking for update using Github
2024-09-29 07:29:11 Success.
2024-09-29 07:29:11 Latest version is 1.6.7
2024-09-29 07:29:11 App is up to date.
2024-09-29 08:29:11 Checking for update using Github
2024-09-29 08:29:12 Success.
2024-09-29 08:29:12 Latest version is 1.6.7
2024-09-29 08:29:12 App is up to date.
2024-09-29 09:29:12 Checking for update using Github
2024-09-29 09:29:12 Success.
2024-09-29 09:29:12 Latest version is 1.6.7
2024-09-29 09:29:12 App is up to date.
2024-09-29 10:29:12 Checking for update using Github
2024-09-29 10:29:12 Success.
2024-09-29 10:29:12 Latest version is 1.6.7
2024-09-29 10:29:12 App is up to date.
2024-09-29 11:29:12 Checking for update using Github
2024-09-29 11:29:12 Success.
2024-09-29 11:29:12 Latest version is 1.6.7
2024-09-29 11:29:12 App is up to date.
2024-09-29 12:29:12 Checking for update using Github
2024-09-29 12:29:12 Success.
2024-09-29 12:29:12 Latest version is 1.6.7
2024-09-29 12:29:12 App is up to date.
2024-09-29 13:29:12 Checking for update using Github
2024-09-29 13:29:12 Success.
2024-09-29 13:29:12 Latest version is 1.6.7
2024-09-29 13:29:12 App is up to date.
2024-09-29 14:29:12 Checking for update using Github
2024-09-29 14:29:12 Success.
2024-09-29 14:29:12 Latest version is 1.6.7
2024-09-29 14:29:12 App is up to date.
2024-09-29 15:29:12 Checking for update using Github
2024-09-29 15:29:12 Success.
2024-09-29 15:29:12 Latest version is 1.6.7
2024-09-29 15:29:12 App is up to date.
2024-09-29 16:29:12 Checking for update using Github
2024-09-29 16:29:12 Success.
2024-09-29 16:29:12 Latest version is 1.6.7
2024-09-29 16:29:12 App is up to date.
2024-09-29 17:29:12 Checking for update using Github
2024-09-29 17:29:12 Success.
2024-09-29 17:29:12 Latest version is 1.6.7
2024-09-29 17:29:12 App is up to date.
2024-09-29 18:29:12 Checking for update using Github
2024-09-29 18:29:12 Success.
2024-09-29 18:29:12 Latest version is 1.6.7
2024-09-29 18:29:12 App is up to date.
2024-09-29 19:29:12 Checking for update using Github
2024-09-29 19:29:13 Success.
2024-09-29 19:29:13 Latest version is 1.6.7
2024-09-29 19:29:13 App is up to date.
2024-09-29 20:29:13 Checking for update using Github
2024-09-29 20:29:13 Success.
2024-09-29 20:29:13 Latest version is 1.6.7
2024-09-29 20:29:13 App is up to date.
2024-09-29 21:29:13 Checking for update using Github
2024-09-29 21:29:13 Success.
2024-09-29 21:29:13 Latest version is 1.6.7
2024-09-29 21:29:13 App is up to date.
2024-09-29 22:29:13 Checking for update using Github
2024-09-29 22:29:13 Success.
2024-09-29 22:29:13 Latest version is 1.6.7
2024-09-29 22:29:13 App is up to date.
2024-09-29 23:29:13 Checking for update using Github
2024-09-29 23:29:13 Success.
2024-09-29 23:29:13 Latest version is 1.6.7
2024-09-29 23:29:13 App is up to date.
2024-09-30 00:29:13 Checking for update using Github
2024-09-30 00:29:13 Success.
2024-09-30 00:29:13 Latest version is 1.6.7
2024-09-30 00:29:13 App is up to date.
2024-09-30 01:29:13 Checking for update using Github
2024-09-30 01:29:13 Success.
2024-09-30 01:29:13 Latest version is 1.6.7
2024-09-30 01:29:13 App is up to date.
2024-09-30 02:29:13 Checking for update using Github
2024-09-30 02:29:13 Success.
2024-09-30 02:29:13 Latest version is 1.6.7
2024-09-30 02:29:13 App is up to date.
2024-09-30 03:29:13 Checking for update using Github
2024-09-30 03:29:13 Success.
2024-09-30 03:29:13 Latest version is 1.6.7
2024-09-30 03:29:13 App is up to date.
2024-09-30 04:29:13 Checking for update using Github
2024-09-30 04:29:13 Success.
2024-09-30 04:29:13 Latest version is 1.6.7
2024-09-30 04:29:13 App is up to date.
2024-09-30 05:29:13 Checking for update using Github
2024-09-30 05:29:13 Success.
2024-09-30 05:29:13 Latest version is 1.6.7
2024-09-30 05:29:13 App is up to date.
2024-09-30 06:29:13 Checking for update using Github
2024-09-30 06:29:13 Success.
2024-09-30 06:29:13 Latest version is 1.6.7
2024-09-30 06:29:13 App is up to date.
2024-09-30 07:29:13 Checking for update using Github
2024-09-30 07:29:14 Success.
2024-09-30 07:29:14 Latest version is 1.6.7
2024-09-30 07:29:14 App is up to date.
2024-09-30 08:29:14 Checking for update using Github
2024-09-30 08:29:14 Success.
2024-09-30 08:29:14 Latest version is 1.6.7
2024-09-30 08:29:14 App is up to date.
2024-09-30 09:29:14 Checking for update using Github
2024-09-30 09:29:14 Success.
2024-09-30 09:29:14 Latest version is 1.6.7
2024-09-30 09:29:14 App is up to date.
2024-09-30 10:29:14 Checking for update using Github
2024-09-30 10:29:14 Success.
2024-09-30 10:29:14 Latest version is 1.6.7
2024-09-30 10:29:14 App is up to date.
2024-09-30 11:29:14 Checking for update using Github
2024-09-30 11:29:14 Success.
2024-09-30 11:29:14 Latest version is 1.6.7
2024-09-30 11:29:14 App is up to date.
2024-09-30 12:29:14 Checking for update using Github
2024-09-30 12:29:14 Success.
2024-09-30 12:29:14 Latest version is 1.6.7
2024-09-30 12:29:14 App is up to date.
2024-09-30 13:29:14 Checking for update using Github
2024-09-30 13:29:14 Success.
2024-09-30 13:29:14 Latest version is 1.6.7
2024-09-30 13:29:14 App is up to date.
2024-09-30 14:29:14 Checking for update using Github
2024-09-30 14:29:14 Success.
2024-09-30 14:29:14 Latest version is 1.6.7
2024-09-30 14:29:14 App is up to date.
2024-09-30 15:29:14 Checking for update using Github
2024-09-30 15:29:14 Success.
2024-09-30 15:29:14 Latest version is 1.6.7
2024-09-30 15:29:14 App is up to date.
2024-09-30 16:29:14 Checking for update using Github
2024-09-30 16:29:14 Success.
2024-09-30 16:29:14 Latest version is 1.6.7
2024-09-30 16:29:14 App is up to date.
2024-09-30 17:29:14 Checking for update using Github
2024-09-30 17:29:14 Success.
2024-09-30 17:29:14 Latest version is 1.6.7
2024-09-30 17:29:14 App is up to date.
2024-09-30 18:29:14 Checking for update using Github
2024-09-30 18:29:14 Success.
2024-09-30 18:29:14 Latest version is 1.6.7
2024-09-30 18:29:14 App is up to date.
2024-09-30 19:42:58 Checking for update using Github
2024-09-30 19:42:58 Success.
2024-09-30 19:42:58 Latest version is 1.6.7
2024-09-30 19:42:58 App is up to date.
2024-09-30 21:04:27 Checking for update using Github
2024-09-30 21:04:27 Success.
2024-09-30 21:04:27 Latest version is 1.6.7
2024-09-30 21:04:27 App is up to date.
2024-10-01 19:01:23 Loading main app package /usr/lib/obsidian/obsidian.asar
2024-10-01 19:01:23 Checking for update using Github
2024-10-01 19:01:24 Success.
2024-10-01 19:01:24 Latest version is 1.6.7
2024-10-01 19:01:24 App is up to date.
2024-10-01 20:35:03 Checking for update using Github
2024-10-01 20:35:04 Success.
2024-10-01 20:35:04 Latest version is 1.6.7
2024-10-01 20:35:04 App is up to date.
2024-10-02 04:27:21 Checking for update using Github
2024-10-02 04:27:22 Success.
2024-10-02 04:27:22 Latest version is 1.6.7
2024-10-02 04:27:22 App is up to date.
2024-10-02 05:27:22 Checking for update using Github
2024-10-02 05:27:22 Success.
2024-10-02 05:27:22 Latest version is 1.6.7
2024-10-02 05:27:22 App is up to date.
2024-10-02 06:27:22 Checking for update using Github
2024-10-02 06:27:22 Success.
2024-10-02 06:27:22 Latest version is 1.6.7
2024-10-02 06:27:22 App is up to date.
2024-10-02 07:27:22 Checking for update using Github
2024-10-02 07:27:22 Success.
2024-10-02 07:27:22 Latest version is 1.6.7
2024-10-02 07:27:22 App is up to date.
2024-10-02 08:27:22 Checking for update using Github
2024-10-02 08:27:22 Success.
2024-10-02 08:27:22 Latest version is 1.6.7
2024-10-02 08:27:22 App is up to date.
2024-10-02 09:27:22 Checking for update using Github
2024-10-02 09:27:22 Success.
2024-10-02 09:27:22 Latest version is 1.6.7
2024-10-02 09:27:22 App is up to date.
2024-10-02 10:27:22 Checking for update using Github
2024-10-02 10:27:22 Success.
2024-10-02 10:27:22 Latest version is 1.6.7
2024-10-02 10:27:22 App is up to date.
2024-10-02 11:27:22 Checking for update using Github
2024-10-02 11:27:22 Success.
2024-10-02 11:27:22 Latest version is 1.6.7
2024-10-02 11:27:22 App is up to date.
2024-10-02 12:27:22 Checking for update using Github
2024-10-02 12:27:22 Success.
2024-10-02 12:27:22 Latest version is 1.6.7
2024-10-02 12:27:22 App is up to date.
2024-10-02 13:27:22 Checking for update using Github
2024-10-02 13:27:22 Success.
2024-10-02 13:27:22 Latest version is 1.6.7
2024-10-02 13:27:22 App is up to date.
2024-10-02 14:27:22 Checking for update using Github
2024-10-02 14:27:22 Success.
2024-10-02 14:27:22 Latest version is 1.6.7
2024-10-02 14:27:22 App is up to date.
2024-10-02 15:27:22 Checking for update using Github
2024-10-02 15:27:22 Success.
2024-10-02 15:27:22 Latest version is 1.6.7
2024-10-02 15:27:22 App is up to date.
2024-10-02 16:27:22 Checking for update using Github
2024-10-02 16:27:23 Success.
2024-10-02 16:27:23 Latest version is 1.6.7
2024-10-02 16:27:23 App is up to date.
2024-10-02 17:27:23 Checking for update using Github
2024-10-02 17:27:23 Success.
2024-10-02 17:27:23 Latest version is 1.6.7
2024-10-02 17:27:23 App is up to date.
2024-10-02 18:27:23 Checking for update using Github
2024-10-02 18:27:23 Success.
2024-10-02 18:27:23 Latest version is 1.6.7
2024-10-02 18:27:23 App is up to date.
2024-10-02 19:00:44 Loading main app package /usr/lib/obsidian/obsidian.asar
2024-10-02 19:00:44 Checking for update using Github
2024-10-02 19:00:45 Success.
2024-10-02 19:00:45 Latest version is 1.6.7
2024-10-02 19:00:45 App is up to date.
2024-10-02 20:11:18 Checking for update using Github
2024-10-02 20:11:18 Success.
2024-10-02 20:11:18 Latest version is 1.6.7
2024-10-02 20:11:18 App is up to date.
2024-10-02 20:19:59 Checking for update using Github
2024-10-02 21:22:54 Checking for update using Github
2024-10-02 21:22:54 Success.
2024-10-02 21:22:54 Latest version is 1.6.7
2024-10-02 21:22:54 App is up to date.
2024-10-02 22:22:54 Checking for update using Github
2024-10-02 22:22:54 Success.
2024-10-02 22:22:54 Latest version is 1.6.7
2024-10-02 22:22:54 App is up to date.
2024-10-02 23:22:54 Checking for update using Github
2024-10-02 23:22:55 Success.
2024-10-02 23:22:55 Latest version is 1.6.7
2024-10-02 23:22:55 App is up to date.
2024-10-04 20:00:49 Loading main app package /usr/lib/obsidian/obsidian.asar
2024-10-04 20:00:49 Checking for update using Github
2024-10-04 20:00:49 Success.
2024-10-04 20:00:49 Latest version is 1.6.7
2024-10-04 20:00:49 App is up to date.
2024-10-04 21:23:47 Checking for update using Github
2024-10-04 21:23:47 Success.
2024-10-04 21:23:47 Latest version is 1.6.7
2024-10-04 21:23:47 App is up to date.
2024-10-04 22:23:47 Checking for update using Github
2024-10-04 22:23:48 Success.
2024-10-04 22:23:48 Latest version is 1.6.7
2024-10-04 22:23:48 App is up to date.
2024-10-04 23:23:48 Checking for update using Github
2024-10-04 23:23:48 Success.
2024-10-04 23:23:48 Latest version is 1.6.7
2024-10-04 23:23:48 App is up to date.
2024-10-05 00:23:48 Checking for update using Github
2024-10-05 00:23:48 Success.
2024-10-05 00:23:48 Latest version is 1.6.7
2024-10-05 00:23:48 App is up to date.
2024-10-05 01:23:48 Checking for update using Github
2024-10-05 01:23:48 Success.
2024-10-05 01:23:48 Latest version is 1.6.7
2024-10-05 01:23:48 App is up to date.
2024-10-05 02:23:48 Checking for update using Github
2024-10-05 02:23:48 Success.
2024-10-05 02:23:48 Latest version is 1.6.7
2024-10-05 02:23:48 App is up to date.
2024-10-05 03:23:48 Checking for update using Github
2024-10-05 03:23:48 Success.
2024-10-05 03:23:48 Latest version is 1.6.7
2024-10-05 03:23:48 App is up to date.
2024-10-05 04:23:48 Checking for update using Github
2024-10-05 04:23:48 Success.
2024-10-05 04:23:48 Latest version is 1.6.7
2024-10-05 04:23:48 App is up to date.
2024-10-05 05:23:48 Checking for update using Github
2024-10-05 05:23:48 Success.
2024-10-05 05:23:48 Latest version is 1.6.7
2024-10-05 05:23:48 App is up to date.
2024-10-05 06:23:48 Checking for update using Github
2024-10-05 06:23:48 Success.
2024-10-05 06:23:48 Latest version is 1.6.7
2024-10-05 06:23:48 App is up to date.
2024-10-05 07:23:48 Checking for update using Github
2024-10-05 07:23:48 Success.
2024-10-05 07:23:48 Latest version is 1.6.7
2024-10-05 07:23:48 App is up to date.
2024-10-05 08:23:48 Checking for update using Github
2024-10-05 08:23:48 Success.
2024-10-05 08:23:48 Latest version is 1.6.7
2024-10-05 08:23:48 App is up to date.
2024-10-05 09:23:49 Checking for update using Github
2024-10-05 09:23:49 Success.
2024-10-05 09:23:49 Latest version is 1.6.7
2024-10-05 09:23:49 App is up to date.
2024-10-05 10:23:49 Checking for update using Github
2024-10-05 10:23:49 Success.
2024-10-05 10:23:49 Latest version is 1.6.7
2024-10-05 10:23:49 App is up to date.
2024-10-05 11:23:49 Checking for update using Github
2024-10-05 11:23:49 Success.
2024-10-05 11:23:49 Latest version is 1.6.7
2024-10-05 11:23:49 App is up to date.
2024-10-05 12:23:49 Checking for update using Github
2024-10-05 12:23:49 Success.
2024-10-05 12:23:49 Latest version is 1.6.7
2024-10-05 12:23:49 App is up to date.
2024-10-05 13:23:49 Checking for update using Github
2024-10-05 13:23:49 Success.
2024-10-05 13:23:49 Latest version is 1.6.7
2024-10-05 13:23:49 App is up to date.
2024-10-05 14:23:49 Checking for update using Github
2024-10-05 14:23:49 Success.
2024-10-05 14:23:49 Latest version is 1.6.7
2024-10-05 14:23:49 App is up to date.
2024-10-05 15:23:49 Checking for update using Github
2024-10-05 15:23:49 Success.
2024-10-05 15:23:49 Latest version is 1.6.7
2024-10-05 15:23:49 App is up to date.
2024-10-05 16:23:49 Checking for update using Github
2024-10-05 16:23:49 Success.
2024-10-05 16:23:49 Latest version is 1.6.7
2024-10-05 16:23:49 App is up to date.
2024-10-05 17:23:49 Checking for update using Github
2024-10-05 17:23:49 Success.
2024-10-05 17:23:49 Latest version is 1.6.7
2024-10-05 17:23:49 App is up to date.
2024-10-05 18:23:49 Checking for update using Github
2024-10-05 18:23:50 Success.
2024-10-05 18:23:50 Latest version is 1.6.7
2024-10-05 18:23:50 App is up to date.
2024-10-05 19:23:50 Checking for update using Github
2024-10-05 19:23:50 Success.
2024-10-05 19:23:50 Latest version is 1.6.7
2024-10-05 19:23:50 App is up to date.
2024-10-05 20:23:50 Checking for update using Github
2024-10-05 20:23:50 Success.
2024-10-05 20:23:50 Latest version is 1.6.7
2024-10-05 20:23:50 App is up to date.
2024-10-05 21:23:50 Checking for update using Github
2024-10-05 21:23:50 Success.
2024-10-05 21:23:50 Latest version is 1.6.7
2024-10-05 21:23:50 App is up to date.
2024-10-05 22:23:50 Checking for update using Github
2024-10-05 22:23:50 Success.
2024-10-05 22:23:50 Latest version is 1.6.7
2024-10-05 22:23:50 App is up to date.
2024-10-05 23:23:50 Checking for update using Github
2024-10-05 23:23:50 Success.
2024-10-05 23:23:50 Latest version is 1.6.7
2024-10-05 23:23:50 App is up to date.
2024-10-06 00:23:50 Checking for update using Github
2024-10-06 00:23:50 Success.
2024-10-06 00:23:50 Latest version is 1.6.7
2024-10-06 00:23:50 App is up to date.
2024-10-06 01:23:50 Checking for update using Github
2024-10-06 01:23:50 Success.
2024-10-06 01:23:50 Latest version is 1.6.7
2024-10-06 01:23:50 App is up to date.
2024-10-06 02:23:50 Checking for update using Github
2024-10-06 02:23:50 Success.
2024-10-06 02:23:50 Latest version is 1.6.7
2024-10-06 02:23:50 App is up to date.
2024-10-06 03:23:50 Checking for update using Github
2024-10-06 03:23:50 Success.
2024-10-06 03:23:50 Latest version is 1.6.7
2024-10-06 03:23:50 App is up to date.
2024-10-08 19:06:36 Loading main app package /usr/lib/obsidian/obsidian.asar
2024-10-08 19:06:37 Checking for update using Github
2024-10-08 19:06:37 Success.
2024-10-08 19:06:37 Latest version is 1.6.7
2024-10-08 19:06:37 App is up to date.
2024-10-08 20:45:00 Checking for update using Github
2024-10-08 20:45:00 Success.
2024-10-08 20:45:00 Latest version is 1.6.7
2024-10-08 20:45:00 App is up to date.
2024-10-08 23:04:57 Checking for update using Github
2024-10-14 15:38:27 Loading main app package /usr/lib/obsidian/obsidian.asar
2024-10-14 15:38:28 Checking for update using Github
2024-10-14 15:38:28 Success.
2024-10-14 15:38:28 Latest version is 1.6.7
2024-10-14 15:38:28 App is up to date.
2024-10-14 16:38:27 Checking for update using Github
2024-10-14 16:38:27 Success.
2024-10-14 16:38:27 Latest version is 1.6.7
2024-10-14 16:38:27 App is up to date.
2024-10-14 17:38:27 Checking for update using Github
2024-10-14 17:38:28 Success.
2024-10-14 17:38:28 Latest version is 1.6.7
2024-10-14 17:38:28 App is up to date.
2024-10-14 19:00:46 Loading main app package /usr/lib/obsidian/obsidian.asar
2024-10-14 19:00:47 Checking for update using Github
2024-10-14 19:00:47 Checking for update using Github
2024-10-14 19:00:47 Success.
2024-10-14 19:00:47 Latest version is 1.6.7
2024-10-14 19:00:47 App is up to date.
2024-10-14 19:00:56 Loading main app package /usr/lib/obsidian/obsidian.asar
2024-10-14 19:00:56 Checking for update using Github
2024-10-14 19:00:56 Success.
2024-10-14 19:00:56 Latest version is 1.6.7
2024-10-14 19:00:56 App is up to date.
2024-10-14 21:51:26 Checking for update using Github
2024-10-14 21:51:26 Success.
2024-10-14 21:51:26 Latest version is 1.6.7
2024-10-14 21:51:26 App is up to date.
2024-10-14 22:51:26 Checking for update using Github
2024-10-14 22:51:26 Success.
2024-10-14 22:51:26 Latest version is 1.6.7
2024-10-14 22:51:26 App is up to date.
2024-10-14 23:51:26 Checking for update using Github
2024-10-14 23:51:26 Success.
2024-10-14 23:51:26 Latest version is 1.6.7
2024-10-14 23:51:26 App is up to date.
2024-10-15 00:51:26 Checking for update using Github
2024-10-15 00:51:26 Success.
2024-10-15 00:51:26 Latest version is 1.6.7
2024-10-15 00:51:26 App is up to date.
2024-10-15 01:51:26 Checking for update using Github
2024-10-15 01:51:26 Success.
2024-10-15 01:51:26 Latest version is 1.6.7
2024-10-15 01:51:26 App is up to date.
2024-10-15 02:51:26 Checking for update using Github
2024-10-15 02:51:26 Success.
2024-10-15 02:51:26 Latest version is 1.6.7
2024-10-15 02:51:26 App is up to date.
2024-10-15 03:51:26 Checking for update using Github
2024-10-15 03:51:26 Success.
2024-10-15 03:51:26 Latest version is 1.6.7
2024-10-15 03:51:26 App is up to date.
2024-10-15 04:51:26 Checking for update using Github
2024-10-15 04:51:27 Success.
2024-10-15 04:51:27 Latest version is 1.6.7
2024-10-15 04:51:27 App is up to date.
2024-10-15 05:51:27 Checking for update using Github
2024-10-15 05:51:27 Success.
2024-10-15 05:51:27 Latest version is 1.6.7
2024-10-15 05:51:27 App is up to date.
2024-10-15 06:51:27 Checking for update using Github
2024-10-15 06:51:27 Success.
2024-10-15 06:51:27 Latest version is 1.6.7
2024-10-15 06:51:27 App is up to date.
2024-10-15 07:51:27 Checking for update using Github
2024-10-15 07:51:27 Success.
2024-10-15 07:51:27 Latest version is 1.6.7
2024-10-15 07:51:27 App is up to date.
2024-10-15 08:51:27 Checking for update using Github
2024-10-15 08:51:27 Success.
2024-10-15 08:51:27 Latest version is 1.6.7
2024-10-15 08:51:27 App is up to date.
2024-10-15 09:51:27 Checking for update using Github
2024-10-15 09:51:27 Success.
2024-10-15 09:51:27 Latest version is 1.6.7
2024-10-15 09:51:27 App is up to date.
2024-10-15 10:51:27 Checking for update using Github
2024-10-15 10:51:27 Success.
2024-10-15 10:51:27 Latest version is 1.6.7
2024-10-15 10:51:27 App is up to date.
2024-10-15 11:51:27 Checking for update using Github
2024-10-15 11:51:27 Success.
2024-10-15 11:51:27 Latest version is 1.6.7
2024-10-15 11:51:27 App is up to date.
2024-10-15 12:51:27 Checking for update using Github
2024-10-15 12:51:27 Success.
2024-10-15 12:51:27 Latest version is 1.6.7
2024-10-15 12:51:27 App is up to date.
2024-10-15 13:51:27 Checking for update using Github
2024-10-15 13:51:27 Success.
2024-10-15 13:51:27 Latest version is 1.6.7
2024-10-15 13:51:27 App is up to date.
2024-10-15 14:51:27 Checking for update using Github
2024-10-15 14:51:28 Success.
2024-10-15 14:51:28 Latest version is 1.6.7
2024-10-15 14:51:28 App is up to date.
2024-10-15 15:51:28 Checking for update using Github
2024-10-15 15:51:28 Success.
2024-10-15 15:51:28 Latest version is 1.6.7
2024-10-15 15:51:28 App is up to date.
2024-10-15 16:51:28 Checking for update using Github
2024-10-15 16:51:28 Success.
2024-10-15 16:51:28 Latest version is 1.6.7
2024-10-15 16:51:28 App is up to date.
2024-10-15 17:51:28 Checking for update using Github
2024-10-15 17:51:28 Success.
2024-10-15 17:51:28 Latest version is 1.6.7
2024-10-15 17:51:28 App is up to date.
2024-10-15 18:11:15 Loading main app package /usr/lib/obsidian/obsidian.asar
2024-10-15 18:11:15 Checking for update using Github
2024-10-15 18:51:28 Checking for update using Github
2024-10-15 18:51:28 Success.
2024-10-15 18:51:28 Latest version is 1.6.7
2024-10-15 18:51:28 App is up to date.
2024-10-16 19:01:36 Loading main app package /usr/lib/obsidian/obsidian.asar
2024-10-16 19:01:36 Checking for update using Github
2024-10-16 19:01:36 Success.
2024-10-16 19:01:36 Latest version is 1.6.7
2024-10-16 19:01:36 App is up to date.
2024-10-16 20:19:10 Checking for update using Github
2024-10-16 20:19:10 Success.
2024-10-16 20:19:10 Latest version is 1.7.4
2024-10-16 20:19:10 Downloading update from https://github.com/obsidianmd/obsidian-releases/releases/download/v1.7.4/obsidian-1.7.4.asar.gz
2024-10-16 20:19:12 Verifying hash & signature. Size= 8056043
2024-10-16 20:19:12 Saving file
2024-10-16 20:19:12 Update complete.
2024-10-16 21:56:59 Checking for update using Github
2024-10-16 21:56:59 Success.
2024-10-16 21:56:59 Latest version is 1.7.4
2024-10-16 21:56:59 An update is already downloaded.
2024-10-16 22:56:59 Checking for update using Github
2024-10-16 22:56:59 Success.
2024-10-16 22:56:59 Latest version is 1.7.4
2024-10-16 22:56:59 An update is already downloaded.
2024-10-16 23:56:59 Checking for update using Github
2024-10-16 23:56:59 Success.
2024-10-16 23:56:59 Latest version is 1.7.4
2024-10-16 23:56:59 An update is already downloaded.
2024-10-17 00:56:59 Checking for update using Github
2024-10-17 00:56:59 Success.
2024-10-17 00:56:59 Latest version is 1.7.4
2024-10-17 00:56:59 An update is already downloaded.
2024-10-17 01:56:59 Checking for update using Github
2024-10-17 01:56:59 Success.
2024-10-17 01:56:59 Latest version is 1.7.4
2024-10-17 01:56:59 An update is already downloaded.
2024-10-17 02:56:59 Checking for update using Github
2024-10-17 02:56:59 Success.
2024-10-17 02:56:59 Latest version is 1.7.4
2024-10-17 02:56:59 An update is already downloaded.
2024-10-17 03:56:59 Checking for update using Github
2024-10-17 03:56:59 Success.
2024-10-17 03:56:59 Latest version is 1.7.4
2024-10-17 03:56:59 An update is already downloaded.
2024-10-17 04:56:59 Checking for update using Github
2024-10-17 04:56:59 Success.
2024-10-17 04:56:59 Latest version is 1.7.4
2024-10-17 04:56:59 An update is already downloaded.
2024-10-17 05:56:59 Checking for update using Github
2024-10-17 05:56:59 Success.
2024-10-17 05:56:59 Latest version is 1.7.4
2024-10-17 05:56:59 An update is already downloaded.
2024-10-17 06:57:00 Checking for update using Github
2024-10-17 06:57:00 Success.
2024-10-17 06:57:00 Latest version is 1.7.4
2024-10-17 06:57:00 An update is already downloaded.
2024-10-17 07:57:00 Checking for update using Github
2024-10-17 07:57:00 Success.
2024-10-17 07:57:00 Latest version is 1.7.4
2024-10-17 07:57:00 An update is already downloaded.
2024-10-17 08:57:00 Checking for update using Github
2024-10-17 08:57:00 Success.
2024-10-17 08:57:00 Latest version is 1.7.4
2024-10-17 08:57:00 An update is already downloaded.
2024-10-17 09:57:00 Checking for update using Github
2024-10-17 09:57:00 Success.
2024-10-17 09:57:00 Latest version is 1.7.4
2024-10-17 09:57:00 An update is already downloaded.
2024-10-17 10:57:00 Checking for update using Github
2024-10-17 10:57:00 Success.
2024-10-17 10:57:00 Latest version is 1.7.4
2024-10-17 10:57:00 An update is already downloaded.
2024-10-17 11:57:00 Checking for update using Github
2024-10-17 11:57:00 Success.
2024-10-17 11:57:00 Latest version is 1.7.4
2024-10-17 11:57:00 An update is already downloaded.
2024-10-17 12:57:00 Checking for update using Github
2024-10-17 12:57:00 Success.
2024-10-17 12:57:00 Latest version is 1.7.4
2024-10-17 12:57:00 An update is already downloaded.
2024-10-17 13:57:00 Checking for update using Github
2024-10-17 13:57:00 Success.
2024-10-17 13:57:00 Latest version is 1.7.4
2024-10-17 13:57:00 An update is already downloaded.
2024-10-17 14:57:00 Checking for update using Github
2024-10-17 14:57:00 Success.
2024-10-17 14:57:00 Latest version is 1.7.4
2024-10-17 14:57:00 An update is already downloaded.
2024-10-18 16:58:23 Loading updated app package /home/jwj212/.config/obsidian/obsidian-1.7.4.asar
2024-10-18 16:58:23 Checking for update using Github
2024-10-18 16:58:23 Success.
2024-10-18 16:58:23 Latest version is 1.7.4
2024-10-18 16:58:23 App is up to date.
2024-10-18 20:06:51 Loading updated app package /home/jwj212/.config/obsidian/obsidian-1.7.4.asar
2024-10-18 20:06:51 Checking for update using Github
2024-10-18 20:06:52 Success.
2024-10-18 20:06:52 Latest version is 1.7.4
2024-10-18 20:06:52 App is up to date.
2024-10-18 21:59:01 Checking for update using Github
2024-10-18 21:59:01 Success.
2024-10-18 21:59:01 Latest version is 1.7.4
2024-10-18 21:59:01 App is up to date.
2024-10-20 19:16:19 Loading updated app package /home/jwj212/.config/obsidian/obsidian-1.7.4.asar
2024-10-20 19:16:20 Checking for update using Github
2024-10-20 19:16:20 Success.
2024-10-20 19:16:20 Latest version is 1.7.4
2024-10-20 19:16:20 App is up to date.
2024-10-20 21:10:54 Loading updated app package /home/jwj212/.config/obsidian/obsidian-1.7.4.asar
2024-10-20 21:10:55 Checking for update using Github
2024-10-20 21:10:55 Failed to check for update using Github (net::ERR_INTERNET_DISCONNECTED)
2024-10-20 21:10:55 Checking for update using obsidian.md
2024-10-20 21:10:55 Failed to check for update using obsidian.md (net::ERR_INTERNET_DISCONNECTED)
2024-10-20 21:17:50 Loading updated app package /home/jwj212/.config/obsidian/obsidian-1.7.4.asar
2024-10-20 21:17:50 Checking for update using Github
2024-10-20 21:17:50 Failed to check for update using Github (net::ERR_INTERNET_DISCONNECTED)
2024-10-20 21:17:50 Checking for update using obsidian.md
2024-10-20 21:17:50 Failed to check for update using obsidian.md (net::ERR_INTERNET_DISCONNECTED)
2024-10-20 22:24:31 Checking for update using Github
2024-10-20 22:24:31 Success.
2024-10-20 22:24:31 Latest version is 1.7.4
2024-10-20 22:24:31 App is up to date.
2024-10-22 00:36:00 Loading updated app package /home/jwj212/.config/obsidian/obsidian-1.7.4.asar
2024-10-22 00:36:00 Checking for update using Github
2024-10-22 00:36:00 Success.
2024-10-22 00:36:00 Latest version is 1.7.4
2024-10-22 00:36:00 App is up to date.
2024-10-22 16:48:36 Loading updated app package /home/jwj212/.config/obsidian/obsidian-1.7.4.asar
2024-10-22 16:48:36 Checking for update using Github
2024-10-22 16:48:36 Success.
2024-10-22 16:48:36 Latest version is 1.7.4
2024-10-22 16:48:36 App is up to date.
2024-10-22 19:30:26 Loading updated app package /home/jwj212/.config/obsidian/obsidian-1.7.4.asar
2024-10-22 19:30:26 Checking for update using Github
2024-10-22 19:30:27 Success.
2024-10-22 19:30:27 Latest version is 1.7.4
2024-10-22 19:30:27 App is up to date.
2024-10-22 19:41:15 Loading updated app package /home/jwj212/.config/obsidian/obsidian-1.7.4.asar
2024-10-22 19:41:15 Checking for update using Github
2024-10-22 19:41:15 Success.
2024-10-22 19:41:15 Latest version is 1.7.4
2024-10-22 19:41:15 App is up to date.
2024-10-23 19:00:08 Loading updated app package /home/jwj212/.config/obsidian/obsidian-1.7.4.asar
2024-10-23 19:00:08 Checking for update using Github
2024-10-23 19:00:09 Success.
2024-10-23 19:00:09 Latest version is 1.7.4
2024-10-23 19:00:09 App is up to date.
2024-10-23 20:37:36 Checking for update using Github
